<?xml version="1.0" encoding="UTF-8"?>
<testng-results skipped="0" failed="0" ignored="0" total="1" passed="1">
  <reporter-output>
  </reporter-output>
  <suite name="TestSuite" duration-ms="2565" started-at="2018-08-31T04:31:02Z" finished-at="2018-08-31T04:31:05Z">
    <groups>
    </groups>
    <test name="SmokeTest" duration-ms="2565" started-at="2018-08-31T04:31:02Z" finished-at="2018-08-31T04:31:05Z">
      <class name="com.mytests.maven.testng.restapi.testcases.GoogleSearchPlacesTest">
        <test-method status="PASS" signature="searchPlaces()[pri:0, instance:com.mytests.maven.testng.restapi.testcases.GoogleSearchPlacesTest@754ba872]" name="searchPlaces" duration-ms="2550" started-at="2018-08-30T22:31:02Z" finished-at="2018-08-30T22:31:05Z">
          <reporter-output>
          </reporter-output>
        </test-method> <!-- searchPlaces -->
      </class> <!-- com.mytests.maven.testng.restapi.testcases.GoogleSearchPlacesTest -->
    </test> <!-- SmokeTest -->
  </suite> <!-- TestSuite -->
</testng-results>
